<?xml version="1.0" encoding="UTF-8"?>
<!-- Generated by org.testng.reporters.JUnitReportReporter -->
<testsuite hostname="5LM4FB3" failures="0" tests="1" name="Base_Test_Page.LoginTest" time="27.040" errors="0" timestamp="2024-05-11T12:51:05 IST" skipped="0">
  <testcase classname="Base_Test_Page.LoginTest" name="loginTests" time="27.040"/>
  <system-out/>
</testsuite> <!-- Base_Test_Page.LoginTest -->
